Arguments: 
  /home/elioenaiferrari/.nvm/versions/node/v14.15.1/bin/node /home/elioenaiferrari/.nvm/versions/node/v14.15.1/bin/yarn add @babel/core @babel/node @babel/plugin-module-resolver babel-plugin-transform-spread -D

PATH: 
  /home/elioenaiferrari/.nvm/versions/node/v14.15.1/bin:/home/elioenaiferrari/.zinit/polaris/bin:/home/elioenaiferrari/.local/bin:/usr/local/sbin:/usr/local/bin:/usr/sbin:/usr/bin:/sbin:/bin:/usr/games:/usr/local/games:/snap/bin

Yarn version: 
  1.22.10

Node version: 
  14.15.1

Platform: 
  linux x64

Trace: 
  Error: https://registry.yarnpkg.com/@babel%2fplugin-module-resolver: Not found
      at Request.params.callback [as _callback] (/home/elioenaiferrari/.nvm/versions/node/v14.15.1/lib/node_modules/yarn/lib/cli.js:66988:18)
      at Request.self.callback (/home/elioenaiferrari/.nvm/versions/node/v14.15.1/lib/node_modules/yarn/lib/cli.js:140662:22)
      at Request.emit (events.js:315:20)
      at Request.<anonymous> (/home/elioenaiferrari/.nvm/versions/node/v14.15.1/lib/node_modules/yarn/lib/cli.js:141634:10)
      at Request.emit (events.js:315:20)
      at IncomingMessage.<anonymous> (/home/elioenaiferrari/.nvm/versions/node/v14.15.1/lib/node_modules/yarn/lib/cli.js:141556:12)
      at Object.onceWrapper (events.js:421:28)
      at IncomingMessage.emit (events.js:327:22)
      at endReadableNT (_stream_readable.js:1327:12)
      at processTicksAndRejections (internal/process/task_queues.js:80:21)

npm manifest: 
  {
    "name": "backend",
    "version": "1.0.0",
    "main": "index.js",
    "license": "MIT"
  }

yarn manifest: 
  No manifest

Lockfile: 
  No lockfile
